<?xml version="1.0" encoding="UTF-8"?>
<!-- Generated by org.testng.reporters.JUnitReportReporter -->
<testsuite hostname="DESKTOP-ERU4KB2" failures="0" tests="3" name="com.crm.qa.testcases.LoginPageTest" time="35.580" errors="0" timestamp="2023-10-06T16:41:51 IST" skipped="0">
  <testcase classname="com.crm.qa.testcases.LoginPageTest" name="loginPageTitleValidate" time="10.504"/>
  <system-out/>
  <testcase classname="com.crm.qa.testcases.LoginPageTest" name="validateLoginPageDisplayed" time="14.272"/>
  <system-out/>
  <testcase classname="com.crm.qa.testcases.LoginPageTest" name="loginTest" time="10.804"/>
  <system-out/>
</testsuite> <!-- com.crm.qa.testcases.LoginPageTest -->
