<?xml version="1.0" encoding="UTF-8"?>
<!-- Generated by org.testng.reporters.JUnitReportReporter -->
<testsuite hostname="DESKTOP-ERU4KB2" failures="0" tests="3" name="com.crm.qa.testcases.LoginPageTest" time="47.927" errors="0" timestamp="2023-10-12T19:20:03 IST" skipped="0">
  <testcase classname="com.crm.qa.testcases.LoginPageTest" name="loginPageTitleValidate" time="15.532"/>
  <system-out/>
  <testcase classname="com.crm.qa.testcases.LoginPageTest" name="validateLoginPageDisplayed" time="10.793"/>
  <system-out/>
  <testcase classname="com.crm.qa.testcases.LoginPageTest" name="loginTest" time="21.602"/>
  <system-out/>
</testsuite> <!-- com.crm.qa.testcases.LoginPageTest -->
