<?xml version="1.0" encoding="UTF-8"?>
<!-- Generated by org.testng.reporters.JUnitReportReporter -->
<testsuite hostname="DESKTOP-ERU4KB2" failures="0" tests="5" name="com.crm.qa.testcases.LoginPageTest" time="35.383" errors="0" timestamp="2023-10-16T19:30:26 IST" skipped="1">
  <testcase classname="com.crm.qa.testcases.LoginPageTest" name="loginPageTitleValidate" time="9.117"/>
  <system-out/>
  <testcase classname="com.crm.qa.testcases.LoginPageTest" name="validateLoginPageDisplayed" time="9.845"/>
  <system-out/>
  <testcase classname="com.crm.qa.testcases.LoginPageTest" name="validateSignUpOptionDisplayed" time="8.372"/>
  <system-out/>
  <testcase classname="com.crm.qa.testcases.LoginPageTest" name="loginTest" time="8.049"/>
  <system-out/>
  <testcase classname="com.crm.qa.testcases.LoginPageTest" name="loginTestwithOtherCredentials" time="0.000">
    <skipped/>
  </testcase> <!-- loginTestwithOtherCredentials -->
  <system-out/>
</testsuite> <!-- com.crm.qa.testcases.LoginPageTest -->
